<?xml version="1.0" encoding="UTF-8"?>
<!-- Generated by org.testng.reporters.JUnitReportReporter -->
<testsuite skipped="0" hostname="DESKTOP-OT0KU2N" name="com.projectname.test.Logintest" tests="1" failures="0" timestamp="2022-02-21T17:14:12 IST" time="44.745" errors="0">
  <testcase name="Verify_Logintest_01" time="44.745" classname="com.projectname.test.Logintest"/>
  <system-out/>
</testsuite> <!-- com.projectname.test.Logintest -->
